<?xml version="1.0" encoding="UTF-8"?>
<!-- Generated by org.testng.reporters.JUnitReportReporter -->
<testsuite hostname="DESKTOP-6JUGJ4I" failures="0" tests="1" name="test1.ParameterFromMVNCommand" time="6.671" errors="0" timestamp="2023-03-10T20:24:55 IST" skipped="0">
  <testcase classname="test1.ParameterFromMVNCommand" name="test1_1" time="6.671"/>
  <system-out/>
</testsuite> <!-- test1.ParameterFromMVNCommand -->
